<?xml version="1.0" encoding="UTF-8"?>
<testng-results skipped="0" failed="0" total="1" passed="1">
  <reporter-output>
  </reporter-output>
  <suite name="Default suite" duration-ms="17661" started-at="2018-03-01T09:50:59Z" finished-at="2018-03-01T09:51:16Z">
    <groups>
    </groups>
    <test name="Default test" duration-ms="17661" started-at="2018-03-01T09:50:59Z" finished-at="2018-03-01T09:51:16Z">
      <class name="com.synchronization.ThreadSleep">
        <test-method status="PASS" signature="main()[pri:0, instance:com.synchronization.ThreadSleep@6d00a15d]" name="main" duration-ms="17454" started-at="2018-03-01T15:20:59Z" finished-at="2018-03-01T15:21:16Z">
          <reporter-output>
          </reporter-output>
        </test-method> <!-- main -->
        <test-method status="PASS" signature="close()[pri:0, instance:com.synchronization.ThreadSleep@6d00a15d]" name="close" is-config="true" duration-ms="195" started-at="2018-03-01T15:21:16Z" finished-at="2018-03-01T15:21:16Z">
          <reporter-output>
          </reporter-output>
        </test-method> <!-- close -->
      </class> <!-- com.synchronization.ThreadSleep -->
    </test> <!-- Default test -->
  </suite> <!-- Default suite -->
</testng-results>
